<?xml version="1.0" encoding="utf-8" ?>
<!-- DO NOT EDIT THIS FILE -->

<log version='2.0' source='tcet'>
	<!-- Opened annotation file /mnt/storage/software/languages/intel/intel-parallel_studio_xe_2020_u4/advisor_2020.3.0.607294/lib64/../config/tc/map.ant -->
	<!-- Opened annotation file /mnt/storage/software/languages/intel/intel-parallel_studio_xe_2020_u4/advisor_2020.3.0.607294/lib64/../config/tc/allocators.ant -->
	<msg id='1' display='false' source='map'>
		<type>START</type>
		<severity>INFO</severity>
		<timestamp>Tue Mar  8 13:57:32 2022</timestamp>
	</msg>
	<!-- Successfully loaded CCRT 13.9.1 at address 0x2b66813f8000 - 0x2b6681401000 -->
	<!-- Successfully loaded the TC Analysis Core 8.17.2 at address 0x2b6683594000 - 0x2b66835f4000 -->
	<!-- Successfully loaded the TC Instrumentation Engine 8.17.2 at address 0x2b6680d42000 - 0x2b6680fa1000 -->
	<!-- Environment: INTEL_LIBITTNOTIFY32=/mnt/storage/software/languages/intel/intel-parallel_studio_xe_2020_u4/advisor_2020.3.0.607294/lib32/runtime/libittnotify.so -->
	<!-- Environment: INTEL_LIBITTNOTIFY64=/mnt/storage/software/languages/intel/intel-parallel_studio_xe_2020_u4/advisor_2020.3.0.607294/lib64/runtime/libittnotify.so -->
	<!-- Environment: INTEL_JIT_PROFILER32=/mnt/storage/software/languages/intel/intel-parallel_studio_xe_2020_u4/advisor_2020.3.0.607294/lib32/libpinjitprofiling.so -->
	<!-- Environment: INTEL_JIT_PROFILER64=/mnt/storage/software/languages/intel/intel-parallel_studio_xe_2020_u4/advisor_2020.3.0.607294/lib64/libpinjitprofiling.so -->
	<!-- This is the instance of interest -->
	<msg id='2' source='tcet'>
		<type>EXEC_OF_INTEREST</type>
		<severity>INFO</severity>
		<timestamp>Tue Mar  8 13:57:32 2022</timestamp>
		<arg name='process'>/user/home/gz19577/advanced-hpc-lbm/d2q9-bgk-parallel</arg>
		<arg name='pid'>4608</arg>
	</msg>
	<msg id='3' source='tcet'>
		<type>LOAD_MODULE</type>
		<severity>INFO</severity>
		<timestamp>Tue Mar  8 13:57:32 2022</timestamp>
		<arg name='module'>/user/home/gz19577/advanced-hpc-lbm/d2q9-bgk-parallel</arg>
		<arg name='basement'>0x400000</arg>
		<arg name='ceiling'>0x8a4dbf</arg>
		<arg name='id'>1</arg>
	</msg>
	<msg id='4' source='tcet'>
		<type>LOAD_MODULE</type>
		<severity>INFO</severity>
		<timestamp>Tue Mar  8 13:57:32 2022</timestamp>
		<arg name='module'>[vdso]</arg>
		<arg name='basement'>0x7ffc39cc8000</arg>
		<arg name='ceiling'>0x7ffc39cc8e6c</arg>
		<arg name='id'>2</arg>
	</msg>
	<msg id='5' source='tcet'>
		<type>UNLOAD_MODULE</type>
		<severity>INFO</severity>
		<timestamp>Tue Mar  8 13:57:32 2022</timestamp>
		<arg name='module'>/user/home/gz19577/advanced-hpc-lbm/d2q9-bgk-parallel</arg>
		<arg name='id'>1</arg>
	</msg>
	<msg id='6' source='tcet'>
		<type>UNLOAD_MODULE</type>
		<severity>INFO</severity>
		<timestamp>Tue Mar  8 13:57:32 2022</timestamp>
		<arg name='module'>[vdso]</arg>
		<arg name='id'>2</arg>
	</msg>
	<msg id='7' source='tcet'>
		<type>PROCESS_TERMINATE</type>
		<severity>INFO</severity>
		<timestamp>Tue Mar  8 13:57:32 2022</timestamp>
		<arg name='process'>/user/home/gz19577/advanced-hpc-lbm/d2q9-bgk-parallel</arg>
		<arg name='pid'>4608</arg>
	</msg>
	<msg id='8' source='map'>
		<type>NO_ANNOTATIONS</type>
		<severity>WARNING</severity>
		<timestamp>Tue Mar  8 13:57:32 2022</timestamp>
	</msg>
	<msg id='9' display='false' source='map'>
		<type>ANALYSIS_COMPLETE</type>
		<severity>INFO</severity>
		<timestamp>Tue Mar  8 13:57:32 2022</timestamp>
	</msg>
	<msg id='10' display='false' source='map'>
		<type>STOP</type>
		<severity>INFO</severity>
		<timestamp>Tue Mar  8 13:57:32 2022</timestamp>
	</msg>
</log>