
8823 : 0x1980455ff591e : 1 : spill_jit_data :  Jit agent is not initialized
8823 : 0x198045601231c : 2 : ittapi_config_mask_get :  --itt-config mask to be applied: 183
8823 : 0x1980456017a47 : 2 : ittapi_config_apply_per_lib :  ITTAPI function instrumented: __itt_domain_create
8823 : 0x1980456018d52 : 2 : ittapi_config_apply_per_lib :  ITTAPI function instrumented: __itt_string_handle_create
8823 : 0x1980456019b80 : 2 : ittapi_config_apply_per_lib :  ITTAPI function instrumented: __itt_counter_create
8823 : 0x198045601aad7 : 2 : ittapi_config_apply_per_lib :  ITTAPI function instrumented: __itt_counter_create_typed
8823 : 0x198045601bccf : 2 : ittapi_config_apply_per_lib :  ITTAPI function instrumented: __itt_pause
8823 : 0x198045601ce02 : 2 : ittapi_config_apply_per_lib :  ITTAPI function instrumented: __itt_resume
8823 : 0x198045601dcc3 : 2 : ittapi_config_apply_per_lib :  ITTAPI function instrumented: __itt_thread_set_name
8823 : 0x198045601eb82 : 2 : ittapi_config_apply_per_lib :  ITTAPI function instrumented: __itt_thread_ignore
8823 : 0x198045602761a : 2 : ittapi_config_apply_per_lib :  ITTAPI function instrumented: __itt_thr_name_set
8823 : 0x19804560287b3 : 2 : ittapi_config_apply_per_lib :  ITTAPI function instrumented: __itt_thr_ignore
8823 : 0x198045602a1ec : 2 : ittapi_config_apply_per_lib :  ITTAPI function not implemented: __itt_enable_attach
8823 : 0x198045602b3ff : 2 : ittapi_config_apply_per_lib :  ITTAPI function instrumented: __itt_detach
8823 : 0x198045602c0b4 : 2 : ittapi_config_apply_per_lib :  ITTAPI function NOT instrumented (not matched by --itt-config option): __itt_sync_create

8823 : 0x198045602cd36 : 2 : ittapi_config_apply_per_lib :  ITTAPI function NOT instrumented (not matched by --itt-config option): __itt_sync_rename

8823 : 0x198045603704a : 2 : ittapi_config_apply_per_lib :  ITTAPI function NOT instrumented (not matched by --itt-config option): __itt_sync_destroy

8823 : 0x1980456038447 : 2 : ittapi_config_apply_per_lib :  ITTAPI function NOT instrumented (not matched by --itt-config option): __itt_sync_prepare

8823 : 0x1980456039081 : 2 : ittapi_config_apply_per_lib :  ITTAPI function NOT instrumented (not matched by --itt-config option): __itt_sync_cancel

8823 : 0x1980456039bec : 2 : ittapi_config_apply_per_lib :  ITTAPI function NOT instrumented (not matched by --itt-config option): __itt_sync_acquired

8823 : 0x198045603e78e : 2 : ittapi_config_apply_per_lib :  ITTAPI function NOT instrumented (not matched by --itt-config option): __itt_sync_releasing

8823 : 0x198045603fdc8 : 2 : ittapi_config_apply_per_lib :  ITTAPI function not implemented: __itt_suppress_push
8823 : 0x19804560411b4 : 2 : ittapi_config_apply_per_lib :  ITTAPI function not implemented: __itt_suppress_pop
8823 : 0x198045604250a : 2 : ittapi_config_apply_per_lib :  ITTAPI function not implemented: __itt_suppress_mark_range
8823 : 0x1980456043897 : 2 : ittapi_config_apply_per_lib :  ITTAPI function not implemented: __itt_suppress_clear_range
8823 : 0x1980456044664 : 2 : ittapi_config_apply_per_lib :  ITTAPI function NOT instrumented (not matched by --itt-config option): __itt_sync_prepare

8823 : 0x1980456045366 : 2 : ittapi_config_apply_per_lib :  ITTAPI function NOT instrumented (not matched by --itt-config option): __itt_sync_cancel

8823 : 0x1980456045eb7 : 2 : ittapi_config_apply_per_lib :  ITTAPI function NOT instrumented (not matched by --itt-config option): __itt_sync_acquired

8823 : 0x1980456046a7c : 2 : ittapi_config_apply_per_lib :  ITTAPI function NOT instrumented (not matched by --itt-config option): __itt_sync_releasing

8823 : 0x1980456047936 : 2 : ittapi_config_apply_per_lib :  ITTAPI function instrumented: __itt_model_site_begin
8823 : 0x198045604abe5 : 2 : ittapi_config_apply_per_lib :  ITTAPI function instrumented: __itt_model_site_end
8823 : 0x198045604baf1 : 2 : ittapi_config_apply_per_lib :  ITTAPI function instrumented: __itt_model_task_begin
8823 : 0x198045604c9b0 : 2 : ittapi_config_apply_per_lib :  ITTAPI function instrumented: __itt_model_task_end
8823 : 0x198045604d7ca : 2 : ittapi_config_apply_per_lib :  ITTAPI function instrumented: __itt_model_lock_acquire
8823 : 0x198045604e650 : 2 : ittapi_config_apply_per_lib :  ITTAPI function instrumented: __itt_model_lock_release
8823 : 0x198045604f8ef : 2 : ittapi_config_apply_per_lib :  ITTAPI function not implemented: __itt_model_record_allocation
8823 : 0x1980456050bfd : 2 : ittapi_config_apply_per_lib :  ITTAPI function not implemented: __itt_model_record_deallocation
8823 : 0x1980456051dff : 2 : ittapi_config_apply_per_lib :  ITTAPI function not implemented: __itt_model_induction_uses
8823 : 0x1980456052e46 : 2 : ittapi_config_apply_per_lib :  ITTAPI function not implemented: __itt_model_reduction_uses
8823 : 0x1980456053f85 : 2 : ittapi_config_apply_per_lib :  ITTAPI function not implemented: __itt_model_observe_uses
8823 : 0x19804560584e5 : 2 : ittapi_config_apply_per_lib :  ITTAPI function not implemented: __itt_model_clear_uses
8823 : 0x19804560594f3 : 2 : ittapi_config_apply_per_lib :  ITTAPI function instrumented: __itt_model_site_beginA
8823 : 0x198045605a3a8 : 2 : ittapi_config_apply_per_lib :  ITTAPI function instrumented: __itt_model_site_beginAL
8823 : 0x198045605b21c : 2 : ittapi_config_apply_per_lib :  ITTAPI function instrumented: __itt_model_task_beginA
8823 : 0x198045605c093 : 2 : ittapi_config_apply_per_lib :  ITTAPI function instrumented: __itt_model_task_beginAL
8823 : 0x198045605ceb7 : 2 : ittapi_config_apply_per_lib :  ITTAPI function instrumented: __itt_model_iteration_taskA
8823 : 0x198045605dc79 : 2 : ittapi_config_apply_per_lib :  ITTAPI function instrumented: __itt_model_iteration_taskAL
8823 : 0x198045605ea57 : 2 : ittapi_config_apply_per_lib :  ITTAPI function instrumented: __itt_model_site_end_2
8823 : 0x198045605f80b : 2 : ittapi_config_apply_per_lib :  ITTAPI function instrumented: __itt_model_task_end_2
8823 : 0x198045606063c : 2 : ittapi_config_apply_per_lib :  ITTAPI function instrumented: __itt_model_lock_acquire_2
8823 : 0x1980456063977 : 2 : ittapi_config_apply_per_lib :  ITTAPI function instrumented: __itt_model_lock_release_2
8823 : 0x1980456064890 : 2 : ittapi_config_apply_per_lib :  ITTAPI function instrumented: __itt_model_aggregate_task
8823 : 0x198045606574f : 2 : ittapi_config_apply_per_lib :  ITTAPI function instrumented: __itt_model_disable_push
8823 : 0x198045606651e : 2 : ittapi_config_apply_per_lib :  ITTAPI function instrumented: __itt_model_disable_pop
8823 : 0x19804560672a9 : 2 : ittapi_config_apply_per_lib :  ITTAPI function instrumented: __itt_heap_function_create
8823 : 0x19804560680be : 2 : ittapi_config_apply_per_lib :  ITTAPI function instrumented: __itt_heap_allocate_begin
8823 : 0x1980456068ece : 2 : ittapi_config_apply_per_lib :  ITTAPI function instrumented: __itt_heap_allocate_end
8823 : 0x1980456069c66 : 2 : ittapi_config_apply_per_lib :  ITTAPI function instrumented: __itt_heap_free_begin
8823 : 0x198045606aa21 : 2 : ittapi_config_apply_per_lib :  ITTAPI function instrumented: __itt_heap_free_end
8823 : 0x198045606b811 : 2 : ittapi_config_apply_per_lib :  ITTAPI function instrumented: __itt_heap_reallocate_begin
8823 : 0x198045606e967 : 2 : ittapi_config_apply_per_lib :  ITTAPI function instrumented: __itt_heap_reallocate_end
8823 : 0x198045606fcf4 : 2 : ittapi_config_apply_per_lib :  ITTAPI function not implemented: __itt_heap_internal_access_begin
8823 : 0x1980456070f46 : 2 : ittapi_config_apply_per_lib :  ITTAPI function not implemented: __itt_heap_internal_access_end
8823 : 0x1980456072152 : 2 : ittapi_config_apply_per_lib :  ITTAPI function not implemented: __itt_heap_record_memory_growth_begin
8823 : 0x19804560732eb : 2 : ittapi_config_apply_per_lib :  ITTAPI function not implemented: __itt_heap_record_memory_growth_end
8823 : 0x19804560743ad : 2 : ittapi_config_apply_per_lib :  ITTAPI function not implemented: __itt_heap_reset_detection
8823 : 0x19804560754ba : 2 : ittapi_config_apply_per_lib :  ITTAPI function not implemented: __itt_heap_record
8823 : 0x1980456076565 : 2 : ittapi_config_apply_per_lib :  ITTAPI function not implemented: __itt_id_create
8823 : 0x1980456077677 : 2 : ittapi_config_apply_per_lib :  ITTAPI function not implemented: __itt_id_destroy
8823 : 0x1980456078496 : 2 : ittapi_config_apply_per_lib :  ITTAPI function instrumented: __itt_get_timestamp
8823 : 0x198045607bf2e : 2 : ittapi_config_apply_per_lib :  ITTAPI function not implemented: __itt_region_begin
8823 : 0x198045607d0cc : 2 : ittapi_config_apply_per_lib :  ITTAPI function not implemented: __itt_region_end
8823 : 0x198045607df57 : 2 : ittapi_config_apply_per_lib :  ITTAPI function instrumented: __itt_frame_begin_v3
8823 : 0x198045607ed99 : 2 : ittapi_config_apply_per_lib :  ITTAPI function instrumented: __itt_frame_end_v3
8823 : 0x198045607fba1 : 2 : ittapi_config_apply_per_lib :  ITTAPI function instrumented: __itt_frame_submit_v3
8823 : 0x1980456080bf5 : 2 : ittapi_config_apply_per_lib :  ITTAPI function not implemented: __itt_task_group
8823 : 0x1980456081ac6 : 2 : ittapi_config_apply_per_lib :  ITTAPI function instrumented: __itt_task_begin
8823 : 0x1980456082900 : 2 : ittapi_config_apply_per_lib :  ITTAPI function instrumented: __itt_task_begin_fn
8823 : 0x198045608371f : 2 : ittapi_config_apply_per_lib :  ITTAPI function instrumented: __itt_task_end
8823 : 0x19804560847bc : 2 : ittapi_config_apply_per_lib :  ITTAPI function not implemented: __itt_counter_inc_v3
8823 : 0x198045608b6bf : 2 : ittapi_config_apply_per_lib :  ITTAPI function not implemented: __itt_counter_inc_delta_v3
8823 : 0x198045608cb4d : 2 : ittapi_config_apply_per_lib :  ITTAPI function not implemented: __itt_counter_dec_v3
8823 : 0x198045608dd63 : 2 : ittapi_config_apply_per_lib :  ITTAPI function not implemented: __itt_counter_dec_delta_v3
8823 : 0x198045608ef15 : 2 : ittapi_config_apply_per_lib :  ITTAPI function not implemented: __itt_marker
8823 : 0x1980456096001 : 2 : ittapi_config_apply_per_lib :  ITTAPI function instrumented: __itt_metadata_add
8823 : 0x19804560973f4 : 2 : ittapi_config_apply_per_lib :  ITTAPI function not implemented: __itt_metadata_str_add
8823 : 0x1980456098563 : 2 : ittapi_config_apply_per_lib :  ITTAPI function not implemented: __itt_relation_add_to_current
8823 : 0x198045609964d : 2 : ittapi_config_apply_per_lib :  ITTAPI function not implemented: __itt_relation_add
8823 : 0x198045609a4af : 2 : ittapi_config_apply_per_lib :  ITTAPI function instrumented: __itt_event_create
8823 : 0x198045609b31c : 2 : ittapi_config_apply_per_lib :  ITTAPI function instrumented: __itt_event_start
8823 : 0x198045609f0fc : 2 : ittapi_config_apply_per_lib :  ITTAPI function instrumented: __itt_event_end
8823 : 0x198045609fde2 : 2 : ittapi_config_apply_per_lib :  ITTAPI function NOT instrumented (not matched by --itt-config option): __itt_sync_set_name

8823 : 0x19804560a0ae2 : 2 : ittapi_config_apply_per_lib :  ITTAPI function NOT instrumented (not matched by --itt-config option): __itt_notify_sync_name

8823 : 0x19804560a16cc : 2 : ittapi_config_apply_per_lib :  ITTAPI function NOT instrumented (not matched by --itt-config option): __itt_notify_sync_prepare

8823 : 0x19804560a22c5 : 2 : ittapi_config_apply_per_lib :  ITTAPI function NOT instrumented (not matched by --itt-config option): __itt_notify_sync_cancel

8823 : 0x19804560a2efa : 2 : ittapi_config_apply_per_lib :  ITTAPI function NOT instrumented (not matched by --itt-config option): __itt_notify_sync_acquired

8823 : 0x19804560a3aa3 : 2 : ittapi_config_apply_per_lib :  ITTAPI function NOT instrumented (not matched by --itt-config option): __itt_notify_sync_releasing

8823 : 0x19804560a4aea : 2 : ittapi_config_apply_per_lib :  ITTAPI function not implemented: __itt_memory_read
8823 : 0x19804560a5c3d : 2 : ittapi_config_apply_per_lib :  ITTAPI function not implemented: __itt_memory_write
8823 : 0x19804560a6dbd : 2 : ittapi_config_apply_per_lib :  ITTAPI function not implemented: __itt_memory_update
8823 : 0x19804560aa058 : 2 : ittapi_config_apply_per_lib :  ITTAPI function not implemented: __itt_state_get
8823 : 0x19804560ab2aa : 2 : ittapi_config_apply_per_lib :  ITTAPI function not implemented: __itt_state_set
8823 : 0x19804560ac3d3 : 2 : ittapi_config_apply_per_lib :  ITTAPI function not implemented: __itt_obj_mode_set
8823 : 0x19804560ad410 : 2 : ittapi_config_apply_per_lib :  ITTAPI function not implemented: __itt_thr_mode_set
8823 : 0x19804560ae1fb : 2 : ittapi_config_apply_per_lib :  ITTAPI function instrumented: __itt_frame_create
8823 : 0x19804560af10c : 2 : ittapi_config_apply_per_lib :  ITTAPI function instrumented: __itt_frame_begin
8823 : 0x19804560aff35 : 2 : ittapi_config_apply_per_lib :  ITTAPI function instrumented: __itt_frame_end
8823 : 0x19804560b1029 : 2 : ittapi_config_apply_per_lib :  ITTAPI function not implemented: __itt_counter_destroy
8823 : 0x19804560b1f95 : 2 : ittapi_config_apply_per_lib :  ITTAPI function instrumented: __itt_counter_inc
8823 : 0x19804560b2d73 : 2 : ittapi_config_apply_per_lib :  ITTAPI function instrumented: __itt_counter_inc_delta
8823 : 0x19804560b717f : 2 : ittapi_config_apply_per_lib :  ITTAPI function instrumented: __itt_counter_dec
8823 : 0x19804560b8020 : 2 : ittapi_config_apply_per_lib :  ITTAPI function instrumented: __itt_counter_dec_delta
8823 : 0x19804560b8df9 : 2 : ittapi_config_apply_per_lib :  ITTAPI function instrumented: __itt_counter_set_value
8823 : 0x19804560b9e11 : 2 : ittapi_config_apply_per_lib :  ITTAPI function not implemented: __itt_counter_set_value_ex
8823 : 0x19804560baf19 : 2 : ittapi_config_apply_per_lib :  ITTAPI function not implemented: __itt_mark_create
8823 : 0x19804560bbf45 : 2 : ittapi_config_apply_per_lib :  ITTAPI function not implemented: __itt_mark
8823 : 0x19804560bd0c8 : 2 : ittapi_config_apply_per_lib :  ITTAPI function not implemented: __itt_mark_off
8823 : 0x19804560be119 : 2 : ittapi_config_apply_per_lib :  ITTAPI function not implemented: __itt_mark_global
8823 : 0x19804560bf13b : 2 : ittapi_config_apply_per_lib :  ITTAPI function not implemented: __itt_mark_global_off
8823 : 0x19804560c00cc : 2 : ittapi_config_apply_per_lib :  ITTAPI function instrumented: __itt_stack_caller_create
8823 : 0x19804560c31b4 : 2 : ittapi_config_apply_per_lib :  ITTAPI function instrumented: __itt_stack_caller_destroy
8823 : 0x19804560c40c6 : 2 : ittapi_config_apply_per_lib :  ITTAPI function instrumented: __itt_stack_callee_enter
8823 : 0x19804560c4f2d : 2 : ittapi_config_apply_per_lib :  ITTAPI function instrumented: __itt_stack_callee_leave
8823 : 0x19804560c5fc2 : 2 : ittapi_config_apply_per_lib :  ITTAPI function not implemented: __itt_clock_domain_create
8823 : 0x19804560c71dd : 2 : ittapi_config_apply_per_lib :  ITTAPI function not implemented: __itt_clock_domain_reset
8823 : 0x19804560c81d7 : 2 : ittapi_config_apply_per_lib :  ITTAPI function not implemented: __itt_id_create_ex
8823 : 0x19804560c9279 : 2 : ittapi_config_apply_per_lib :  ITTAPI function not implemented: __itt_id_destroy_ex
8823 : 0x19804560ca374 : 2 : ittapi_config_apply_per_lib :  ITTAPI function not implemented: __itt_task_begin_ex
8823 : 0x19804560cb506 : 2 : ittapi_config_apply_per_lib :  ITTAPI function not implemented: __itt_task_begin_fn_ex
8823 : 0x19804560cc654 : 2 : ittapi_config_apply_per_lib :  ITTAPI function not implemented: __itt_task_end_ex
8823 : 0x19804560cf58b : 2 : ittapi_config_apply_per_lib :  ITTAPI function instrumented: __itt_task_begin_overlapped
8823 : 0x19804560d0808 : 2 : ittapi_config_apply_per_lib :  ITTAPI function not implemented: __itt_task_begin_overlapped_ex
8823 : 0x19804560d176e : 2 : ittapi_config_apply_per_lib :  ITTAPI function instrumented: __itt_task_end_overlapped
8823 : 0x19804560d2902 : 2 : ittapi_config_apply_per_lib :  ITTAPI function not implemented: __itt_task_end_overlapped_ex
8823 : 0x19804560d3990 : 2 : ittapi_config_apply_per_lib :  ITTAPI function not implemented: __itt_marker_ex
8823 : 0x19804560d4a93 : 2 : ittapi_config_apply_per_lib :  ITTAPI function not implemented: __itt_metadata_add_with_scope
8823 : 0x19804560d5c7e : 2 : ittapi_config_apply_per_lib :  ITTAPI function not implemented: __itt_metadata_str_add_with_scope
8823 : 0x19804560d6dd6 : 2 : ittapi_config_apply_per_lib :  ITTAPI function not implemented: __itt_relation_add_to_current_ex
8823 : 0x19804560d7e64 : 2 : ittapi_config_apply_per_lib :  ITTAPI function not implemented: __itt_relation_add_ex
8823 : 0x19804560d8f30 : 2 : ittapi_config_apply_per_lib :  ITTAPI function not implemented: __itt_track_group_create
8823 : 0x19804560dc7f4 : 2 : ittapi_config_apply_per_lib :  ITTAPI function not implemented: __itt_track_create
8823 : 0x19804560dd922 : 2 : ittapi_config_apply_per_lib :  ITTAPI function not implemented: __itt_set_track
8823 : 0x19804560de824 : 2 : ittapi_config_apply_per_lib :  ITTAPI function instrumented: __itt_api_version
8823 : 0x19804560df832 : 2 : ittapi_config_apply_per_lib :  ITTAPI function not implemented: __itt_av_save
8823 : 0x19804560e06ab : 2 : ittapi_config_apply_per_lib :  ITTAPI function instrumented: __itt_module_load
8823 : 0x19804561b96ed : 2 : ittapi_config_mask_get :  --itt-config mask to be applied: 183
8823 : 0x19804561bb481 : 2 : ittapi_config_apply_per_lib :  ITTAPI function instrumented: __itt_domain_create
8823 : 0x19804561bc4d0 : 2 : ittapi_config_apply_per_lib :  ITTAPI function instrumented: __itt_string_handle_create
8823 : 0x19804561bd45a : 2 : ittapi_config_apply_per_lib :  ITTAPI function instrumented: __itt_pause
8823 : 0x19804561be341 : 2 : ittapi_config_apply_per_lib :  ITTAPI function instrumented: __itt_resume
8823 : 0x19804561c36ca : 2 : ittapi_config_apply_per_lib :  ITTAPI function instrumented: __itt_thread_set_name
8823 : 0x19804561c4653 : 2 : ittapi_config_apply_per_lib :  ITTAPI function instrumented: __itt_thread_ignore
8823 : 0x19804561c5427 : 2 : ittapi_config_apply_per_lib :  ITTAPI function instrumented: __itt_thr_name_set
8823 : 0x19804561c62cb : 2 : ittapi_config_apply_per_lib :  ITTAPI function instrumented: __itt_thr_ignore
8823 : 0x19804561c78ce : 2 : ittapi_config_apply_per_lib :  ITTAPI function not implemented: __itt_enable_attach
8823 : 0x19804561c8884 : 2 : ittapi_config_apply_per_lib :  ITTAPI function instrumented: __itt_detach
8823 : 0x19804561c95a2 : 2 : ittapi_config_apply_per_lib :  ITTAPI function NOT instrumented (not matched by --itt-config option): __itt_sync_create

8823 : 0x19804561ca263 : 2 : ittapi_config_apply_per_lib :  ITTAPI function NOT instrumented (not matched by --itt-config option): __itt_sync_rename

8823 : 0x19804561caedb : 2 : ittapi_config_apply_per_lib :  ITTAPI function NOT instrumented (not matched by --itt-config option): __itt_sync_destroy

8823 : 0x19804561cbaeb : 2 : ittapi_config_apply_per_lib :  ITTAPI function NOT instrumented (not matched by --itt-config option): __itt_sync_prepare

8823 : 0x19804561cea9a : 2 : ittapi_config_apply_per_lib :  ITTAPI function NOT instrumented (not matched by --itt-config option): __itt_sync_cancel

8823 : 0x19804561cf69b : 2 : ittapi_config_apply_per_lib :  ITTAPI function NOT instrumented (not matched by --itt-config option): __itt_sync_acquired

8823 : 0x19804561d02ff : 2 : ittapi_config_apply_per_lib :  ITTAPI function NOT instrumented (not matched by --itt-config option): __itt_sync_releasing

8823 : 0x19804561d155b : 2 : ittapi_config_apply_per_lib :  ITTAPI function not implemented: __itt_suppress_push
8823 : 0x19804561d2802 : 2 : ittapi_config_apply_per_lib :  ITTAPI function not implemented: __itt_suppress_pop
8823 : 0x19804561d3ab3 : 2 : ittapi_config_apply_per_lib :  ITTAPI function not implemented: __itt_suppress_mark_range
8823 : 0x19804561d4c8b : 2 : ittapi_config_apply_per_lib :  ITTAPI function not implemented: __itt_suppress_clear_range
8823 : 0x19804561d5983 : 2 : ittapi_config_apply_per_lib :  ITTAPI function NOT instrumented (not matched by --itt-config option): __itt_sync_prepare

8823 : 0x19804561d653b : 2 : ittapi_config_apply_per_lib :  ITTAPI function NOT instrumented (not matched by --itt-config option): __itt_sync_cancel

8823 : 0x19804561d70c3 : 2 : ittapi_config_apply_per_lib :  ITTAPI function NOT instrumented (not matched by --itt-config option): __itt_sync_acquired

8823 : 0x19804561d9d49 : 2 : ittapi_config_apply_per_lib :  ITTAPI function NOT instrumented (not matched by --itt-config option): __itt_sync_releasing

8823 : 0x19804561dac44 : 2 : ittapi_config_apply_per_lib :  ITTAPI function instrumented: __itt_model_site_begin
8823 : 0x19804561dbae5 : 2 : ittapi_config_apply_per_lib :  ITTAPI function instrumented: __itt_model_site_end
8823 : 0x19804561dc9ae : 2 : ittapi_config_apply_per_lib :  ITTAPI function instrumented: __itt_model_task_begin
8823 : 0x19804561dd784 : 2 : ittapi_config_apply_per_lib :  ITTAPI function instrumented: __itt_model_task_end
8823 : 0x19804561de5a1 : 2 : ittapi_config_apply_per_lib :  ITTAPI function instrumented: __itt_model_lock_acquire
8823 : 0x19804561df3ea : 2 : ittapi_config_apply_per_lib :  ITTAPI function instrumented: __itt_model_lock_release
8823 : 0x19804561e04b4 : 2 : ittapi_config_apply_per_lib :  ITTAPI function not implemented: __itt_model_record_allocation
8823 : 0x19804561e17b5 : 2 : ittapi_config_apply_per_lib :  ITTAPI function not implemented: __itt_model_record_deallocation
8823 : 0x19804561e2999 : 2 : ittapi_config_apply_per_lib :  ITTAPI function not implemented: __itt_model_induction_uses
8823 : 0x19804561e6896 : 2 : ittapi_config_apply_per_lib :  ITTAPI function not implemented: __itt_model_reduction_uses
8823 : 0x19804561e7b7c : 2 : ittapi_config_apply_per_lib :  ITTAPI function not implemented: __itt_model_observe_uses
8823 : 0x19804561e8c9a : 2 : ittapi_config_apply_per_lib :  ITTAPI function not implemented: __itt_model_clear_uses
8823 : 0x19804561e9b36 : 2 : ittapi_config_apply_per_lib :  ITTAPI function instrumented: __itt_model_site_beginA
8823 : 0x19804561ea950 : 2 : ittapi_config_apply_per_lib :  ITTAPI function instrumented: __itt_model_site_beginAL
8823 : 0x19804561eb7b0 : 2 : ittapi_config_apply_per_lib :  ITTAPI function instrumented: __itt_model_task_beginA
8823 : 0x19804561ec5aa : 2 : ittapi_config_apply_per_lib :  ITTAPI function instrumented: __itt_model_task_beginAL
8823 : 0x19804561ed388 : 2 : ittapi_config_apply_per_lib :  ITTAPI function instrumented: __itt_model_iteration_taskA
8823 : 0x19804561ee1d4 : 2 : ittapi_config_apply_per_lib :  ITTAPI function instrumented: __itt_model_iteration_taskAL
8823 : 0x19804561eefa0 : 2 : ittapi_config_apply_per_lib :  ITTAPI function instrumented: __itt_model_site_end_2
8823 : 0x19804561f1f2f : 2 : ittapi_config_apply_per_lib :  ITTAPI function instrumented: __itt_model_task_end_2
8823 : 0x19804561f2d97 : 2 : ittapi_config_apply_per_lib :  ITTAPI function instrumented: __itt_model_lock_acquire_2
8823 : 0x19804561f3b66 : 2 : ittapi_config_apply_per_lib :  ITTAPI function instrumented: __itt_model_lock_release_2
8823 : 0x19804561f4926 : 2 : ittapi_config_apply_per_lib :  ITTAPI function instrumented: __itt_model_aggregate_task
8823 : 0x19804561f56ca : 2 : ittapi_config_apply_per_lib :  ITTAPI function instrumented: __itt_model_disable_push
8823 : 0x19804561f6474 : 2 : ittapi_config_apply_per_lib :  ITTAPI function instrumented: __itt_model_disable_pop
8823 : 0x19804561f7225 : 2 : ittapi_config_apply_per_lib :  ITTAPI function instrumented: __itt_heap_function_create
8823 : 0x19804561f8094 : 2 : ittapi_config_apply_per_lib :  ITTAPI function instrumented: __itt_heap_allocate_begin
8823 : 0x19804561f8edb : 2 : ittapi_config_apply_per_lib :  ITTAPI function instrumented: __itt_heap_allocate_end
8823 : 0x19804561f9cc3 : 2 : ittapi_config_apply_per_lib :  ITTAPI function instrumented: __itt_heap_free_begin
8823 : 0x19804561fcb44 : 2 : ittapi_config_apply_per_lib :  ITTAPI function instrumented: __itt_heap_free_end
8823 : 0x19804561fd992 : 2 : ittapi_config_apply_per_lib :  ITTAPI function instrumented: __itt_heap_reallocate_begin
8823 : 0x19804561fe86d : 2 : ittapi_config_apply_per_lib :  ITTAPI function instrumented: __itt_heap_reallocate_end
8823 : 0x19804561ff97a : 2 : ittapi_config_apply_per_lib :  ITTAPI function not implemented: __itt_heap_internal_access_begin
8823 : 0x1980456200ba1 : 2 : ittapi_config_apply_per_lib :  ITTAPI function not implemented: __itt_heap_internal_access_end
8823 : 0x1980456201db2 : 2 : ittapi_config_apply_per_lib :  ITTAPI function not implemented: __itt_heap_record_memory_growth_begin
8823 : 0x1980456202f41 : 2 : ittapi_config_apply_per_lib :  ITTAPI function not implemented: __itt_heap_record_memory_growth_end
8823 : 0x1980456203ff4 : 2 : ittapi_config_apply_per_lib :  ITTAPI function not implemented: __itt_heap_reset_detection
8823 : 0x1980456205138 : 2 : ittapi_config_apply_per_lib :  ITTAPI function not implemented: __itt_heap_record
8823 : 0x198045620623b : 2 : ittapi_config_apply_per_lib :  ITTAPI function not implemented: __itt_id_create
8823 : 0x1980456209d1c : 2 : ittapi_config_apply_per_lib :  ITTAPI function not implemented: __itt_id_destroy
8823 : 0x198045620ac6e : 2 : ittapi_config_apply_per_lib :  ITTAPI function instrumented: __itt_get_timestamp
8823 : 0x198045620bd79 : 2 : ittapi_config_apply_per_lib :  ITTAPI function not implemented: __itt_region_begin
8823 : 0x198045620ce13 : 2 : ittapi_config_apply_per_lib :  ITTAPI function not implemented: __itt_region_end
8823 : 0x198045620dcb1 : 2 : ittapi_config_apply_per_lib :  ITTAPI function instrumented: __itt_frame_begin_v3
8823 : 0x198045620eaf8 : 2 : ittapi_config_apply_per_lib :  ITTAPI function instrumented: __itt_frame_end_v3
8823 : 0x198045620f94e : 2 : ittapi_config_apply_per_lib :  ITTAPI function instrumented: __itt_frame_submit_v3
8823 : 0x19804562109f2 : 2 : ittapi_config_apply_per_lib :  ITTAPI function not implemented: __itt_task_group
8823 : 0x19804562118cf : 2 : ittapi_config_apply_per_lib :  ITTAPI function instrumented: __itt_task_begin
8823 : 0x19804562126d5 : 2 : ittapi_config_apply_per_lib :  ITTAPI function instrumented: __itt_task_begin_fn
8823 : 0x1980456215682 : 2 : ittapi_config_apply_per_lib :  ITTAPI function instrumented: __itt_task_end
8823 : 0x198045621687a : 2 : ittapi_config_apply_per_lib :  ITTAPI function not implemented: __itt_counter_inc_v3
8823 : 0x1980456217a45 : 2 : ittapi_config_apply_per_lib :  ITTAPI function not implemented: __itt_counter_inc_delta_v3
8823 : 0x1980456218bc0 : 2 : ittapi_config_apply_per_lib :  ITTAPI function not implemented: __itt_marker
8823 : 0x1980456219ade : 2 : ittapi_config_apply_per_lib :  ITTAPI function instrumented: __itt_metadata_add
8823 : 0x198045621aba3 : 2 : ittapi_config_apply_per_lib :  ITTAPI function not implemented: __itt_metadata_str_add
8823 : 0x198045621bd0c : 2 : ittapi_config_apply_per_lib :  ITTAPI function not implemented: __itt_relation_add_to_current
8823 : 0x198045621ce2d : 2 : ittapi_config_apply_per_lib :  ITTAPI function not implemented: __itt_relation_add
8823 : 0x198045621dc47 : 2 : ittapi_config_apply_per_lib :  ITTAPI function instrumented: __itt_event_create
8823 : 0x198045621e9dd : 2 : ittapi_config_apply_per_lib :  ITTAPI function instrumented: __itt_event_start
8823 : 0x19804562218db : 2 : ittapi_config_apply_per_lib :  ITTAPI function instrumented: __itt_event_end
8823 : 0x198045622255b : 2 : ittapi_config_apply_per_lib :  ITTAPI function NOT instrumented (not matched by --itt-config option): __itt_sync_set_name

8823 : 0x19804562231d1 : 2 : ittapi_config_apply_per_lib :  ITTAPI function NOT instrumented (not matched by --itt-config option): __itt_notify_sync_name

8823 : 0x1980456223d6d : 2 : ittapi_config_apply_per_lib :  ITTAPI function NOT instrumented (not matched by --itt-config option): __itt_notify_sync_prepare

8823 : 0x1980456224939 : 2 : ittapi_config_apply_per_lib :  ITTAPI function NOT instrumented (not matched by --itt-config option): __itt_notify_sync_cancel

8823 : 0x198045622553f : 2 : ittapi_config_apply_per_lib :  ITTAPI function NOT instrumented (not matched by --itt-config option): __itt_notify_sync_acquired

8823 : 0x19804562260e5 : 2 : ittapi_config_apply_per_lib :  ITTAPI function NOT instrumented (not matched by --itt-config option): __itt_notify_sync_releasing

8823 : 0x1980456227143 : 2 : ittapi_config_apply_per_lib :  ITTAPI function not implemented: __itt_memory_read
8823 : 0x1980456228205 : 2 : ittapi_config_apply_per_lib :  ITTAPI function not implemented: __itt_memory_write
8823 : 0x1980456229317 : 2 : ittapi_config_apply_per_lib :  ITTAPI function not implemented: __itt_memory_update
8823 : 0x198045622c57e : 2 : ittapi_config_apply_per_lib :  ITTAPI function not implemented: __itt_state_get
8823 : 0x198045622d6c2 : 2 : ittapi_config_apply_per_lib :  ITTAPI function not implemented: __itt_state_set
8823 : 0x198045622e86a : 2 : ittapi_config_apply_per_lib :  ITTAPI function not implemented: __itt_obj_mode_set
8823 : 0x198045622f8c0 : 2 : ittapi_config_apply_per_lib :  ITTAPI function not implemented: __itt_thr_mode_set
8823 : 0x1980456230697 : 2 : ittapi_config_apply_per_lib :  ITTAPI function instrumented: __itt_frame_create
8823 : 0x1980456231529 : 2 : ittapi_config_apply_per_lib :  ITTAPI function instrumented: __itt_frame_begin
8823 : 0x198045623230e : 2 : ittapi_config_apply_per_lib :  ITTAPI function instrumented: __itt_frame_end
8823 : 0x1980456233171 : 2 : ittapi_config_apply_per_lib :  ITTAPI function instrumented: __itt_counter_create
8823 : 0x198045623427e : 2 : ittapi_config_apply_per_lib :  ITTAPI function not implemented: __itt_counter_destroy
8823 : 0x1980456235133 : 2 : ittapi_config_apply_per_lib :  ITTAPI function instrumented: __itt_counter_inc
8823 : 0x1980456238902 : 2 : ittapi_config_apply_per_lib :  ITTAPI function instrumented: __itt_counter_inc_delta
8823 : 0x1980456239a69 : 2 : ittapi_config_apply_per_lib :  ITTAPI function not implemented: __itt_mark_create
8823 : 0x198045623ab83 : 2 : ittapi_config_apply_per_lib :  ITTAPI function not implemented: __itt_mark
8823 : 0x198045623bd69 : 2 : ittapi_config_apply_per_lib :  ITTAPI function not implemented: __itt_mark_off
8823 : 0x198045623cdcf : 2 : ittapi_config_apply_per_lib :  ITTAPI function not implemented: __itt_mark_global
8823 : 0x198045623de84 : 2 : ittapi_config_apply_per_lib :  ITTAPI function not implemented: __itt_mark_global_off
8823 : 0x198045623ee10 : 2 : ittapi_config_apply_per_lib :  ITTAPI function instrumented: __itt_stack_caller_create
8823 : 0x198045623fcd9 : 2 : ittapi_config_apply_per_lib :  ITTAPI function instrumented: __itt_stack_caller_destroy
8823 : 0x1980456240b8e : 2 : ittapi_config_apply_per_lib :  ITTAPI function instrumented: __itt_stack_callee_enter
8823 : 0x19804562419cb : 2 : ittapi_config_apply_per_lib :  ITTAPI function instrumented: __itt_stack_callee_leave
8823 : 0x1980456244b42 : 2 : ittapi_config_apply_per_lib :  ITTAPI function not implemented: __itt_clock_domain_create
8823 : 0x1980456245d3f : 2 : ittapi_config_apply_per_lib :  ITTAPI function not implemented: __itt_clock_domain_reset
8823 : 0x1980456246d7c : 2 : ittapi_config_apply_per_lib :  ITTAPI function not implemented: __itt_id_create_ex
8823 : 0x1980456247e5d : 2 : ittapi_config_apply_per_lib :  ITTAPI function not implemented: __itt_id_destroy_ex
8823 : 0x1980456248f49 : 2 : ittapi_config_apply_per_lib :  ITTAPI function not implemented: __itt_task_begin_ex
8823 : 0x198045624a097 : 2 : ittapi_config_apply_per_lib :  ITTAPI function not implemented: __itt_task_begin_fn_ex
8823 : 0x198045624b16d : 2 : ittapi_config_apply_per_lib :  ITTAPI function not implemented: __itt_task_end_ex
8823 : 0x198045624bfd7 : 2 : ittapi_config_apply_per_lib :  ITTAPI function instrumented: __itt_task_begin_overlapped
8823 : 0x198045624d0c4 : 2 : ittapi_config_apply_per_lib :  ITTAPI function not implemented: __itt_task_begin_overlapped_ex
8823 : 0x198045624df56 : 2 : ittapi_config_apply_per_lib :  ITTAPI function instrumented: __itt_task_end_overlapped
8823 : 0x19804562511e2 : 2 : ittapi_config_apply_per_lib :  ITTAPI function not implemented: __itt_task_end_overlapped_ex
8823 : 0x1980456252385 : 2 : ittapi_config_apply_per_lib :  ITTAPI function not implemented: __itt_marker_ex
8823 : 0x19804562534fb : 2 : ittapi_config_apply_per_lib :  ITTAPI function not implemented: __itt_metadata_add_with_scope
8823 : 0x19804562546aa : 2 : ittapi_config_apply_per_lib :  ITTAPI function not implemented: __itt_metadata_str_add_with_scope
8823 : 0x1980456255882 : 2 : ittapi_config_apply_per_lib :  ITTAPI function not implemented: __itt_relation_add_to_current_ex
8823 : 0x1980456256919 : 2 : ittapi_config_apply_per_lib :  ITTAPI function not implemented: __itt_relation_add_ex
8823 : 0x19804562579f7 : 2 : ittapi_config_apply_per_lib :  ITTAPI function not implemented: __itt_track_group_create
8823 : 0x1980456258a7a : 2 : ittapi_config_apply_per_lib :  ITTAPI function not implemented: __itt_track_create
8823 : 0x1980456259a5e : 2 : ittapi_config_apply_per_lib :  ITTAPI function not implemented: __itt_set_track
8823 : 0x198045625a8a5 : 2 : ittapi_config_apply_per_lib :  ITTAPI function instrumented: __itt_api_version
8823 : 0x198045625e0f9 : 2 : ittapi_config_apply_per_lib :  ITTAPI function not implemented: __itt_av_save