<<<<<<< HEAD
Running on host compute101.bc4.acrc.priv
Time is Tue Mar 1 17:56:36 GMT 2022
Directory is /user/home/gz19577/advanced-hpc-lbm
Slurm job ID is 10080873
This job runs on the following machines:
compute101
==done==
Reynolds number:		9.758118629456E+00
Elapsed Init time:			0.024559 (s)
Elapsed Compute time:			14.174030 (s)
Elapsed Collate time:			0.000001 (s)
Elapsed Total time:			14.198590 (s)
=======
Running on host compute105.bc4.acrc.priv
Time is Tue Mar 1 16:38:37 GMT 2022
Directory is /user/home/gz19577/advanced-hpc-lbm
Slurm job ID is 10080269
This job runs on the following machines:
compute105
==done==
Reynolds number:		9.758093833923E+00
Elapsed Init time:			0.002397 (s)
Elapsed Compute time:			16.531424 (s)
Elapsed Collate time:			0.000001 (s)
Elapsed Total time:			16.533822 (s)
>>>>>>> serial-arithmetic-improvements
