Running on host compute105.bc4.acrc.priv
Time is Tue Mar 8 17:37:47 GMT 2022
Directory is /user/home/gz19577/advanced-hpc-lbm
Slurm job ID is 10120620
This job runs on the following machines:
compute105
==done==
Reynolds number:		9.758102416992E+00
Elapsed Init time:			0.022176 (s)
Elapsed Compute time:			5.233002 (s)
Elapsed Collate time:			0.000001 (s)
Elapsed Total time:			5.255179 (s)
==done==
Reynolds number:		9.758102416992E+00
Elapsed Init time:			0.005085 (s)
Elapsed Compute time:			4.192570 (s)
Elapsed Collate time:			0.000001 (s)
Elapsed Total time:			4.197656 (s)
8
==done==
Reynolds number:		9.758102416992E+00
Elapsed Init time:			0.005113 (s)
Elapsed Compute time:			3.859323 (s)
Elapsed Collate time:			0.000001 (s)
Elapsed Total time:			3.864437 (s)
9
==done==
Reynolds number:		9.758102416992E+00
Elapsed Init time:			0.005318 (s)
Elapsed Compute time:			3.531548 (s)
Elapsed Collate time:			0.000000 (s)
Elapsed Total time:			3.536866 (s)
10
==done==
Reynolds number:		9.758102416992E+00
Elapsed Init time:			0.004720 (s)
Elapsed Compute time:			3.229706 (s)
Elapsed Collate time:			0.000001 (s)
Elapsed Total time:			3.234427 (s)
11
==done==
Reynolds number:		9.758102416992E+00
Elapsed Init time:			0.005352 (s)
Elapsed Compute time:			3.050461 (s)
Elapsed Collate time:			0.000001 (s)
Elapsed Total time:			3.055814 (s)
12
==done==
Reynolds number:		9.758102416992E+00
Elapsed Init time:			0.005155 (s)
Elapsed Compute time:			2.799051 (s)
Elapsed Collate time:			0.000001 (s)
Elapsed Total time:			2.804207 (s)
13
==done==
Reynolds number:		9.758102416992E+00
Elapsed Init time:			0.004805 (s)
Elapsed Compute time:			2.654918 (s)
Elapsed Collate time:			0.000000 (s)
Elapsed Total time:			2.659723 (s)
14
==done==
Reynolds number:		9.758102416992E+00
Elapsed Init time:			0.004713 (s)
Elapsed Compute time:			2.493372 (s)
Elapsed Collate time:			0.000001 (s)
Elapsed Total time:			2.498086 (s)
15
==done==
Reynolds number:		9.758102416992E+00
Elapsed Init time:			0.003489 (s)
Elapsed Compute time:			2.361421 (s)
Elapsed Collate time:			0.000001 (s)
Elapsed Total time:			2.364911 (s)
16
==done==
Reynolds number:		9.758102416992E+00
Elapsed Init time:			0.004216 (s)
Elapsed Compute time:			2.288630 (s)
Elapsed Collate time:			0.000001 (s)
Elapsed Total time:			2.292847 (s)
17
==done==
Reynolds number:		9.758102416992E+00
Elapsed Init time:			0.004186 (s)
Elapsed Compute time:			2.197179 (s)
Elapsed Collate time:			0.000001 (s)
Elapsed Total time:			2.201366 (s)
18
==done==
Reynolds number:		9.758102416992E+00
Elapsed Init time:			0.004301 (s)
Elapsed Compute time:			2.080796 (s)
Elapsed Collate time:			0.000001 (s)
Elapsed Total time:			2.085098 (s)
19
==done==
Reynolds number:		9.758102416992E+00
Elapsed Init time:			0.004218 (s)
Elapsed Compute time:			2.016286 (s)
Elapsed Collate time:			0.000001 (s)
Elapsed Total time:			2.020505 (s)
20
==done==
Reynolds number:		9.758102416992E+00
Elapsed Init time:			0.004260 (s)
Elapsed Compute time:			1.941516 (s)
Elapsed Collate time:			0.000000 (s)
Elapsed Total time:			1.945776 (s)
21
==done==
Reynolds number:		9.758102416992E+00
Elapsed Init time:			0.004327 (s)
Elapsed Compute time:			1.871154 (s)
Elapsed Collate time:			0.000001 (s)
Elapsed Total time:			1.875482 (s)
22
==done==
Reynolds number:		9.758102416992E+00
Elapsed Init time:			0.003914 (s)
Elapsed Compute time:			1.818569 (s)
Elapsed Collate time:			0.000001 (s)
Elapsed Total time:			1.822484 (s)
23
==done==
Reynolds number:		9.758102416992E+00
Elapsed Init time:			0.004761 (s)
Elapsed Compute time:			1.756916 (s)
Elapsed Collate time:			0.000000 (s)
Elapsed Total time:			1.761677 (s)
24
==done==
Reynolds number:		9.758102416992E+00
Elapsed Init time:			0.004091 (s)
Elapsed Compute time:			1.711882 (s)
Elapsed Collate time:			0.000001 (s)
Elapsed Total time:			1.715974 (s)
25
==done==
Reynolds number:		9.758102416992E+00
Elapsed Init time:			0.004305 (s)
Elapsed Compute time:			1.661023 (s)
Elapsed Collate time:			0.000001 (s)
Elapsed Total time:			1.665329 (s)
26
==done==
Reynolds number:		9.758102416992E+00
Elapsed Init time:			0.003993 (s)
Elapsed Compute time:			1.609781 (s)
Elapsed Collate time:			0.000001 (s)
Elapsed Total time:			1.613775 (s)
27
