Intel(R) Parallel Studio XE 2020 Update 4 for Linux*
Copyright 2009-2020 Intel Corporation.
Running on host compute105.bc4.acrc.priv
Time is Wed May 18 13:16:05 BST 2022
Directory is /user/home/gz19577/advanced-hpc-lbm
Slurm job ID is 10348657
This job runs on the following machines:
compute[105-107]
6.830558 
6.699659 
6.740954 
6.460579 
6.281748 
6.275741 
6.460659 
6.181620 
6.047663 
6.023033 
6.052923 
5.937665 
5.740828 
5.797305 
5.691644 
5.770141 
5.691941 
5.683892 
5.744105 
5.680706 
5.686695 
5.610629 
5.183349 
5.219545 
5.365380 
5.547677 
5.430546 
5.723584 
