<?xml version="1.0" encoding="utf-8" ?>
<!-- DO NOT EDIT THIS FILE -->

<log version='2.0' source='trc'>
	<msg id='1' display='false' source='trc'>
		<type>PROCESS_START</type>
		<severity>INFO</severity>
		<timestamp>Tue Mar  8 14:33:13 2022</timestamp>
		<arg name='process'>/user/home/gz19577/advanced-hpc-lbm/d2q9-bgk-serial</arg>
		<arg name='pid'>12493</arg>
	</msg>
	<!-- Instrumentation filter's state:
    Patterns applicability:
        Generic loop pattern.....................: enabled
        Generic loop pattern (with dynamic jumps): enabled
        Known trip value loop pattern............: enabled
        Runtime final value loop pattern.........: enabled
        No initial IV loop pattern...............: enabled
        IV step only loop pattern................: enabled
        No entry loop pattern....................: enabled
    Clustered memory model (CMM) applicability:
        Generic loop pattern.....................: enabled
        Generic loop pattern (with dynamic jumps): enabled
        Known trip value loop pattern............: enabled
        Runtime final value loop pattern.........: enabled
        No initial IV loop pattern...............: enabled
        IV step only loop pattern................: enabled
        No entry loop pattern....................: disabled
 -->
	<!-- Callstack mode:
    filter modules.........: true
    filter routines........: true
    count loops............: false
    count flops............: false
    trace..................: false
    extended trace.........: false
    omp trace..............: false
    jit trace..............: false
    failures trace.........: false
    dump raw...............: false
    dump final.............: false
    dump all...............: false
    stack stitching........: true
    stl profiling..........: true
    aggressive frame switch: true
    unwind frame exit......: true
    analyze child loops....: true
 -->
	<!-- Managed application profiling: -->
	<!-- 	State...................: enabled -->
	<!-- Gpu Profiling: -->
	<!-- 	State: disabled -->
	<msg id='2' display='false' source='trc'>
		<type>PROCESS_ANALYSIS_MODE</type>
		<severity>INFO</severity>
		<timestamp>Tue Mar  8 14:33:13 2022</timestamp>
		<arg name='mode'>full</arg>
	</msg>
	<msg id='3' display='false' source='trc'>
		<type>LOAD_MODULE</type>
		<severity>INFO</severity>
		<timestamp>Tue Mar  8 14:33:13 2022</timestamp>
		<arg name='module'>/user/home/gz19577/advanced-hpc-lbm/d2q9-bgk-serial</arg>
		<arg name='basement'>0x400000</arg>
		<arg name='ceiling'>0x89ca1f</arg>
		<arg name='symtab'>yes</arg>
	</msg>
	<!-- Instrumentation of /user/home/gz19577/advanced-hpc-lbm/d2q9-bgk-serial image skipped because of filter conditions [cs-mode]. -->
	<msg id='4' display='false' source='trc'>
		<type>LOAD_MODULE</type>
		<severity>INFO</severity>
		<timestamp>Tue Mar  8 14:33:13 2022</timestamp>
		<arg name='module'>[vdso]</arg>
		<arg name='basement'>0x2aed77589000</arg>
		<arg name='ceiling'>0x2aed77589e6c</arg>
		<arg name='symtab'>no</arg>
	</msg>
	<!-- Instrumentation of [vdso] image skipped because of filter conditions [cs-mode]. -->
	<msg id='5' display='false' source='trc'>
		<type>UNLOAD_MODULE</type>
		<severity>INFO</severity>
		<timestamp>Tue Mar  8 14:33:13 2022</timestamp>
		<arg name='module'>/user/home/gz19577/advanced-hpc-lbm/d2q9-bgk-serial</arg>
	</msg>
	<msg id='6' display='false' source='trc'>
		<type>UNLOAD_MODULE</type>
		<severity>INFO</severity>
		<timestamp>Tue Mar  8 14:33:13 2022</timestamp>
		<arg name='module'>[vdso]</arg>
	</msg>
	<msg id='7' display='false' source='trc'>
		<type>PROCESS_FINISH</type>
		<severity>INFO</severity>
		<timestamp>Tue Mar  8 14:33:13 2022</timestamp>
		<arg name='process'>/user/home/gz19577/advanced-hpc-lbm/d2q9-bgk-serial</arg>
		<arg name='pid'>12493</arg>
		<arg name='exitcode'>0x1</arg>
	</msg>
	<!-- Application exited with code 1 -->
</log>