<?xml version="1.0" encoding="utf-8"?>
<log version="1.0" tool="runtool">

<msg id="1" tool="runtool">
  <type>log-start</type>
  <arg>2022/03/08 14:08:26</arg>
</msg>
<msg id="2" tool="runtool">
  <type>collector-starts</type>
</msg>
<msg id="3" tool="runtool">
  <type>marker-file</type>
  <arg>/user/home/gz19577/advanced-hpc-lbm/advisor-data/e000/mp005/mp005.advixe</arg>
</msg>
<msg id="4" tool="tc">
  <type>START</type>
  <severity>INFO</severity>
  <timestamp>Tue Mar  8 14:08:26 2022</timestamp>
</msg>
<msg id="5" tool="tc">
  <type>EXEC_OF_INTEREST</type>
  <arg>/user/home/gz19577/advanced-hpc-lbm/d2q9-bgk-parallel</arg>
  <arg>9861</arg>
  <severity>INFO</severity>
  <timestamp>Tue Mar  8 14:08:26 2022</timestamp>
</msg>
<msg id="6" tool="tc">
  <type>LOAD_MODULE</type>
  <arg>/user/home/gz19577/advanced-hpc-lbm/d2q9-bgk-parallel</arg>
  <arg>0x400000</arg>
  <arg>0x8a4dbf</arg>
  <arg>1</arg>
  <severity>INFO</severity>
  <timestamp>Tue Mar  8 14:08:26 2022</timestamp>
</msg>
<msg id="7" tool="tc">
  <type>LOAD_MODULE</type>
  <arg>[vdso]</arg>
  <arg>0x7ffd45b71000</arg>
  <arg>0x7ffd45b71e6c</arg>
  <arg>2</arg>
  <severity>INFO</severity>
  <timestamp>Tue Mar  8 14:08:26 2022</timestamp>
</msg>
<msg id="8" tool="tc">
  <type>UNLOAD_MODULE</type>
  <arg>/user/home/gz19577/advanced-hpc-lbm/d2q9-bgk-parallel</arg>
  <arg>1</arg>
  <severity>INFO</severity>
  <timestamp>Tue Mar  8 14:08:27 2022</timestamp>
</msg>
<msg id="9" tool="tc">
  <type>UNLOAD_MODULE</type>
  <arg>[vdso]</arg>
  <arg>2</arg>
  <severity>INFO</severity>
  <timestamp>Tue Mar  8 14:08:27 2022</timestamp>
</msg>
<msg id="10" tool="tc">
  <type>PROCESS_TERMINATE</type>
  <arg>/user/home/gz19577/advanced-hpc-lbm/d2q9-bgk-parallel</arg>
  <arg>9861</arg>
  <severity>INFO</severity>
  <timestamp>Tue Mar  8 14:08:27 2022</timestamp>
</msg>
<msg id="11" tool="tc">
  <type>NO_ANNOTATIONS</type>
  <severity>WARNING</severity>
  <timestamp>Tue Mar  8 14:08:27 2022</timestamp>
</msg>
<msg id="12" tool="tc">
  <type>ANALYSIS_COMPLETE</type>
  <severity>INFO</severity>
  <timestamp>Tue Mar  8 14:08:27 2022</timestamp>
</msg>
<msg id="13" tool="tc">
  <type>STOP</type>
  <severity>INFO</severity>
  <timestamp>Tue Mar  8 14:08:27 2022</timestamp>
</msg>
<msg id="14" tool="runtool">
  <type>app-exit-code</type>
  <arg>1</arg>
</msg>
<msg id="15" tool="runtool">
  <type>marker-file</type>
  <arg>/user/home/gz19577/advanced-hpc-lbm/advisor-data/e000/mp005/mp005.advixe</arg>
</msg>
<msg id="16" tool="runtool">
  <type>collector-done</type>
</msg>
<msg id="17" tool="runtool">
  <type>log-end</type>
  <arg>2022/03/08 14:08:30</arg>
</msg>

</log>

