<?xml version="1.0" encoding="utf-8" ?>
<!-- DO NOT EDIT THIS FILE -->

<log version='2.0' source='tcet'>
	<!-- Opened annotation file /mnt/storage/software/languages/intel/intel-parallel_studio_xe_2020_u4/advisor_2020.3.0.607294/lib64/../config/tc/qt.ant -->
	<!-- Opened annotation file /mnt/storage/software/languages/intel/intel-parallel_studio_xe_2020_u4/advisor_2020.3.0.607294/lib64/../config/tc/cpp11.ant -->
	<!-- Opened annotation file /mnt/storage/software/languages/intel/intel-parallel_studio_xe_2020_u4/advisor_2020.3.0.607294/lib64/../config/tc/cpp11_atomics.ant -->
	<!-- Opened annotation file /mnt/storage/software/languages/intel/intel-parallel_studio_xe_2020_u4/advisor_2020.3.0.607294/lib64/../config/tc/fortran.ant -->
	<!-- Opened annotation file /mnt/storage/software/languages/intel/intel-parallel_studio_xe_2020_u4/advisor_2020.3.0.607294/lib64/../config/tc/icl.ant -->
	<!-- Opened annotation file /mnt/storage/software/languages/intel/intel-parallel_studio_xe_2020_u4/advisor_2020.3.0.607294/lib64/../config/tc/allocators.ant -->
	<!-- Opened annotation file /mnt/storage/software/languages/intel/intel-parallel_studio_xe_2020_u4/advisor_2020.3.0.607294/lib64/../config/tc/userapi.ant -->
	<msg id='1' display='false' source='tccore'>
		<type>START</type>
		<severity>INFO</severity>
		<timestamp>Tue Mar  8 14:08:31 2022</timestamp>
	</msg>
	<!-- Successfully loaded CCRT 13.9.1 at address 0x2ad4f5799000 - 0x2ad4f57a2000 -->
	<!-- Successfully loaded the TC Analysis Core 8.17.2 at address 0x2ad4f7935000 - 0x2ad4f796c000 -->
	<!-- Successfully loaded the TC Instrumentation Engine 8.17.2 at address 0x2ad4f50e3000 - 0x2ad4f5342000 -->
	<!-- Environment: INTEL_LIBITTNOTIFY32=/mnt/storage/software/languages/intel/intel-parallel_studio_xe_2020_u4/advisor_2020.3.0.607294/lib32/runtime/libittnotify.so -->
	<!-- Environment: INTEL_LIBITTNOTIFY64=/mnt/storage/software/languages/intel/intel-parallel_studio_xe_2020_u4/advisor_2020.3.0.607294/lib64/runtime/libittnotify.so -->
	<!-- Environment: INTEL_JIT_PROFILER32=/mnt/storage/software/languages/intel/intel-parallel_studio_xe_2020_u4/advisor_2020.3.0.607294/lib32/libpinjitprofiling.so -->
	<!-- Environment: INTEL_JIT_PROFILER64=/mnt/storage/software/languages/intel/intel-parallel_studio_xe_2020_u4/advisor_2020.3.0.607294/lib64/libpinjitprofiling.so -->
	<!-- This is the instance of interest -->
	<msg id='2' source='tcet'>
		<type>EXEC_OF_INTEREST</type>
		<severity>INFO</severity>
		<timestamp>Tue Mar  8 14:08:31 2022</timestamp>
		<arg name='process'>/user/home/gz19577/advanced-hpc-lbm/d2q9-bgk-parallel</arg>
		<arg name='pid'>9916</arg>
	</msg>
	<msg id='3' source='tcet'>
		<type>LOAD_MODULE</type>
		<severity>INFO</severity>
		<timestamp>Tue Mar  8 14:08:31 2022</timestamp>
		<arg name='module'>/user/home/gz19577/advanced-hpc-lbm/d2q9-bgk-parallel</arg>
		<arg name='basement'>0x400000</arg>
		<arg name='ceiling'>0x8a4dbf</arg>
		<arg name='id'>2</arg>
	</msg>
	<msg id='4' source='tcet'>
		<type>LOAD_MODULE</type>
		<severity>INFO</severity>
		<timestamp>Tue Mar  8 14:08:32 2022</timestamp>
		<arg name='module'>[vdso]</arg>
		<arg name='basement'>0x7ffd52aae000</arg>
		<arg name='ceiling'>0x7ffd52aaee6c</arg>
		<arg name='id'>3</arg>
	</msg>
	<msg id='5' source='tcet'>
		<type>UNLOAD_MODULE</type>
		<severity>INFO</severity>
		<timestamp>Tue Mar  8 14:08:32 2022</timestamp>
		<arg name='module'>/user/home/gz19577/advanced-hpc-lbm/d2q9-bgk-parallel</arg>
		<arg name='id'>2</arg>
	</msg>
	<msg id='6' source='tcet'>
		<type>UNLOAD_MODULE</type>
		<severity>INFO</severity>
		<timestamp>Tue Mar  8 14:08:32 2022</timestamp>
		<arg name='module'>[vdso]</arg>
		<arg name='id'>3</arg>
	</msg>
	<msg id='7' source='tcet'>
		<type>PROCESS_TERMINATE</type>
		<severity>INFO</severity>
		<timestamp>Tue Mar  8 14:08:32 2022</timestamp>
		<arg name='process'>/user/home/gz19577/advanced-hpc-lbm/d2q9-bgk-parallel</arg>
		<arg name='pid'>9916</arg>
	</msg>
	<msg id='8' source='tccore'>
		<type>NO_ANNOTATIONS</type>
		<severity>WARNING</severity>
		<timestamp>Tue Mar  8 14:08:32 2022</timestamp>
	</msg>
	<msg id='9' display='false' source='tccore'>
		<type>ANALYSIS_COMPLETE</type>
		<severity>INFO</severity>
		<timestamp>Tue Mar  8 14:08:32 2022</timestamp>
	</msg>
	<msg id='10' display='false' source='tccore'>
		<type>STOP</type>
		<severity>INFO</severity>
		<timestamp>Tue Mar  8 14:08:32 2022</timestamp>
	</msg>
</log>